SF:lib/src/data_table_plus.dart
DA:68,1
DA:89,1
DA:91,1
DA:92,1
DA:94,1
DA:95,1
DA:103,1
DA:105,1
DA:106,3
DA:107,3
DA:108,4
DA:110,1
DA:111,4
DA:112,3
DA:113,3
DA:118,1
DA:119,2
DA:122,1
DA:124,4
DA:125,2
DA:126,2
DA:127,1
DA:130,0
DA:132,0
DA:133,0
DA:134,0
DA:135,0
DA:139,1
DA:141,1
DA:142,3
DA:143,1
DA:145,1
DA:146,1
DA:147,2
DA:148,1
DA:149,1
DA:151,4
DA:152,2
DA:153,2
DA:155,1
DA:157,2
DA:158,2
DA:160,1
LF:43
LH:38
end_of_record
SF:lib/src/data_table_plus_source.dart
DA:42,0
DA:43,0
DA:44,0
DA:45,0
DA:49,0
DA:50,0
DA:51,0
DA:52,0
DA:56,0
DA:57,0
DA:60,1
DA:62,1
DA:63,1
DA:67,0
DA:68,0
DA:69,0
DA:73,0
DA:74,0
DA:75,0
DA:78,7
DA:80,0
DA:84,0
DA:85,0
DA:87,0
DA:88,0
DA:95,1
DA:100,2
DA:101,1
DA:104,2
DA:105,1
DA:106,1
DA:107,2
DA:108,1
DA:109,1
DA:113,1
DA:114,0
DA:116,2
DA:119,0
DA:120,0
DA:122,2
DA:127,0
DA:129,0
DA:130,0
DA:134,0
DA:136,0
DA:137,0
DA:141,0
DA:142,0
DA:143,0
DA:145,0
DA:147,0
DA:160,0
DA:162,0
DA:163,0
DA:167,0
DA:169,0
DA:170,0
DA:171,0
LF:58
LH:16
end_of_record
SF:lib/src/data_table_plus_theme.dart
DA:4,3
DA:6,3
DA:31,1
DA:41,1
DA:43,1
DA:44,0
DA:45,1
DA:47,0
DA:50,0
DA:51,0
DA:52,0
DA:53,0
DA:54,0
DA:56,0
DA:57,0
DA:58,0
DA:63,0
DA:64,0
DA:67,1
DA:68,2
DA:71,0
DA:72,0
DA:73,0
DA:74,0
DA:75,0
DA:78,1
DA:81,1
DA:82,3
DA:83,3
DA:84,3
DA:85,3
DA:86,3
DA:87,3
DA:88,3
DA:94,1
DA:98,1
DA:101,1
DA:102,0
DA:103,1
DA:106,0
DA:109,0
DA:112,0
DA:113,0
DA:121,1
DA:122,1
DA:124,1
DA:126,1
DA:127,3
DA:135,1
DA:137,1
DA:140,1
DA:141,1
DA:142,3
DA:143,1
LF:54
LH:32
end_of_record
SF:lib/src/models/table_column.freezed.dart
DA:10,0
DA:12,0
DA:17,2
DA:19,0
DA:24,0
DA:38,0
DA:39,0
DA:40,0
DA:41,0
DA:43,0
DA:45,0
DA:65,0
DA:71,0
DA:78,0
DA:79,0
DA:80,0
DA:83,0
DA:84,0
DA:87,0
DA:88,0
DA:91,0
DA:92,0
DA:98,0
DA:100,0
DA:101,0
DA:127,0
DA:129,0
DA:131,0
DA:132,0
DA:134,0
DA:141,0
DA:142,0
DA:143,0
DA:146,0
DA:147,0
DA:150,0
DA:151,0
DA:154,0
DA:155,0
DA:165,1
DA:182,0
DA:184,0
DA:187,0
DA:190,0
DA:191,0
DA:192,0
DA:193,0
DA:194,0
DA:195,0
DA:197,0
DA:198,0
DA:199,0
DA:202,0
DA:204,0
DA:205,0
DA:206,0
DA:207,0
DA:208,0
DA:210,0
DA:213,0
DA:223,0
DA:224,0
DA:225,0
DA:226,0
DA:227,0
DA:228,0
DA:229,0
DA:230,0
DA:231,0
DA:234,0
LF:70
LH:2
end_of_record
SF:lib/src/widgets/body.dart
DA:8,1
DA:12,1
DA:17,1
DA:18,1
DA:22,1
DA:24,1
DA:26,2
DA:27,1
DA:28,1
DA:29,1
DA:30,0
DA:31,3
DA:32,1
DA:34,7
DA:36,1
DA:37,2
DA:38,1
DA:41,2
DA:42,4
DA:43,0
DA:45,1
DA:47,1
DA:48,1
DA:49,2
DA:50,2
DA:56,2
DA:57,2
DA:61,0
DA:65,0
DA:66,0
DA:69,0
DA:70,0
DA:74,0
DA:75,0
DA:76,0
DA:79,0
DA:83,0
DA:84,0
DA:87,0
DA:88,0
DA:96,1
DA:98,1
DA:99,1
DA:105,1
DA:107,1
DA:108,0
DA:114,2
DA:115,0
DA:117,0
DA:118,0
DA:119,0
DA:121,0
DA:123,0
DA:124,0
DA:128,0
DA:130,0
DA:132,0
DA:145,1
DA:146,1
DA:147,3
DA:148,0
DA:149,0
DA:150,0
DA:152,0
DA:155,1
LF:65
LH:35
end_of_record
SF:lib/src/widgets/footer.dart
DA:6,1
DA:8,1
DA:10,1
DA:12,1
DA:13,1
DA:14,6
DA:15,1
DA:18,1
DA:19,1
DA:20,1
DA:23,1
DA:24,1
DA:26,1
DA:28,1
DA:29,1
DA:30,1
DA:31,1
DA:32,1
DA:33,1
DA:36,1
DA:38,1
DA:39,1
DA:40,1
DA:41,1
DA:42,1
DA:43,1
DA:44,1
DA:47,1
DA:49,1
DA:50,1
DA:51,1
DA:53,1
DA:54,1
DA:55,1
DA:56,2
DA:57,1
DA:58,1
DA:59,2
DA:60,1
DA:61,1
DA:62,1
DA:67,1
DA:68,0
DA:69,0
DA:71,0
DA:78,1
DA:81,1
DA:82,3
DA:84,0
DA:85,0
DA:86,0
DA:88,1
DA:93,1
DA:94,4
DA:95,1
DA:97,1
DA:98,2
DA:100,0
DA:101,0
DA:102,0
DA:104,1
LF:61
LH:52
end_of_record
SF:lib/src/widgets/header.dart
DA:7,1
DA:10,1
DA:14,1
DA:16,1
DA:17,1
DA:18,1
DA:19,1
DA:20,1
DA:21,1
DA:22,3
DA:23,1
DA:24,2
DA:25,1
DA:26,2
DA:27,1
DA:29,1
DA:30,0
DA:31,0
DA:32,0
DA:33,0
DA:36,0
DA:37,0
DA:42,0
DA:43,0
DA:45,0
DA:51,1
DA:52,1
DA:59,2
DA:60,2
DA:64,0
DA:68,0
DA:69,0
DA:74,0
DA:75,0
DA:82,0
DA:83,0
DA:84,0
DA:87,0
DA:91,0
DA:92,0
DA:97,0
DA:98,0
DA:107,1
DA:108,1
DA:109,1
DA:112,1
DA:113,1
DA:115,0
DA:116,0
DA:117,0
DA:118,0
DA:120,0
LF:52
LH:25
end_of_record
SF:lib/src/models/page_request.freezed.dart
DA:10,0
DA:12,0
DA:17,2
DA:19,0
DA:24,0
DA:38,0
DA:39,0
DA:40,0
DA:41,0
DA:43,0
DA:45,0
DA:59,0
DA:65,0
DA:72,0
DA:73,0
DA:74,0
DA:77,0
DA:78,0
DA:81,0
DA:82,0
DA:85,0
DA:86,0
DA:107,0
DA:109,0
DA:111,0
DA:112,0
DA:114,0
DA:121,0
DA:122,0
DA:123,0
DA:126,0
DA:127,0
DA:130,0
DA:131,0
DA:134,0
DA:135,0
DA:145,1
DA:160,0
DA:162,0
DA:165,0
DA:168,0
DA:169,0
DA:171,0
DA:172,0
DA:173,0
DA:174,0
DA:176,0
DA:177,0
DA:179,0
DA:182,0
DA:184,0
DA:185,0
DA:186,0
DA:187,0
DA:188,0
DA:190,0
DA:193,0
DA:203,0
DA:204,0
DA:205,0
DA:206,0
DA:207,0
DA:208,0
DA:209,0
DA:210,0
DA:211,0
DA:214,0
LF:67
LH:2
end_of_record
SF:lib/src/models/table_value.freezed.dart
DA:10,0
DA:12,0
DA:17,2
DA:19,0
DA:20,0
DA:25,0
DA:26,0
DA:29,0
DA:30,0
DA:33,0
DA:34,0
DA:45,0
DA:52,0
DA:53,0
DA:61,0
DA:62,0
DA:69,0
DA:70,0
DA:78,0
DA:91,0
DA:109,0
DA:111,0
DA:113,0
DA:114,0
DA:116,0
DA:120,0
DA:121,0
DA:122,0
DA:132,1
DA:137,0
DA:139,0
DA:142,0
DA:145,0
DA:146,0
DA:147,0
DA:150,0
DA:152,0
DA:154,0
DA:157,0
DA:159,1
DA:167,2
DA:170,0
DA:180,0
DA:182,0
DA:185,0
DA:193,0
DA:196,0
DA:206,0
DA:208,0
DA:215,0
DA:216,0
DA:218,0
DA:232,0
DA:234,0
DA:236,0
DA:237,0
DA:243,3
DA:245,0
DA:247,0
DA:250,0
DA:252,0
DA:255,0
DA:256,0
DA:258,1
DA:266,1
DA:269,0
DA:279,0
DA:281,0
DA:284,0
DA:292,0
DA:295,0
DA:305,0
DA:307,0
DA:326,0
DA:328,0
DA:330,0
DA:331,0
DA:337,0
DA:339,0
DA:341,0
DA:344,0
DA:346,0
DA:349,0
DA:350,0
DA:352,0
DA:360,0
DA:363,0
DA:373,0
DA:375,0
DA:378,0
DA:386,0
DA:389,0
DA:399,0
DA:401,0
DA:421,0
DA:423,0
DA:425,0
DA:426,0
DA:428,0
DA:432,0
DA:433,0
DA:434,0
DA:444,0
DA:449,0
DA:451,0
DA:454,0
DA:457,0
DA:458,0
DA:459,0
DA:462,0
DA:464,0
DA:466,0
DA:469,0
DA:471,0
DA:479,0
DA:482,0
DA:492,0
DA:494,0
DA:497,0
DA:505,0
DA:508,0
DA:518,0
DA:520,0
DA:527,0
DA:528,0
DA:530,0
LF:126
LH:7
end_of_record
SF:lib/src/models/table_column_size.freezed.dart
DA:10,0
DA:12,0
DA:17,2
DA:19,0
DA:20,0
DA:25,0
DA:26,0
DA:31,0
DA:32,0
DA:37,0
DA:38,0
DA:49,0
DA:56,0
DA:57,0
DA:65,0
DA:66,0
DA:73,0
DA:74,0
DA:82,0
DA:95,0
DA:114,0
DA:116,0
DA:118,0
DA:119,0
DA:121,0
DA:125,0
DA:126,0
DA:127,0
DA:137,2
DA:142,0
DA:144,0
DA:147,0
DA:150,0
DA:151,0
DA:152,0
DA:155,0
DA:157,0
DA:159,0
DA:162,0
DA:164,1
DA:172,2
DA:175,0
DA:185,0
DA:187,0
DA:190,0
DA:198,0
DA:201,0
DA:211,0
DA:213,0
DA:220,0
DA:221,0
DA:223,0
DA:238,0
DA:240,0
DA:242,0
DA:243,0
DA:245,0
DA:249,0
DA:250,0
DA:251,0
DA:261,0
DA:266,0
DA:268,0
DA:271,0
DA:274,0
DA:275,0
DA:276,0
DA:279,0
DA:281,0
DA:283,0
DA:286,0
DA:288,0
DA:296,0
DA:299,0
DA:309,0
DA:311,0
DA:314,0
DA:322,0
DA:325,0
DA:335,0
DA:337,0
DA:344,0
DA:345,0
DA:347,0
DA:362,0
DA:364,0
DA:366,0
DA:367,0
DA:369,0
DA:373,0
DA:374,0
DA:375,0
DA:385,0
DA:390,0
DA:392,0
DA:395,0
DA:398,0
DA:399,0
DA:400,0
DA:403,0
DA:405,0
DA:407,0
DA:410,0
DA:412,0
DA:420,0
DA:423,0
DA:433,0
DA:435,0
DA:438,0
DA:446,0
DA:449,0
DA:459,0
DA:461,0
DA:468,0
DA:469,0
DA:471,0
DA:486,0
DA:488,0
DA:490,0
DA:491,0
DA:493,0
DA:497,0
DA:498,0
DA:499,0
DA:509,0
DA:514,0
DA:516,0
DA:519,0
DA:522,0
DA:523,0
DA:524,0
DA:527,0
DA:529,0
DA:531,0
DA:534,0
DA:536,0
DA:544,0
DA:547,0
DA:557,0
DA:559,0
DA:562,0
DA:570,0
DA:573,0
DA:583,0
DA:585,0
DA:592,0
DA:593,0
DA:595,0
LF:148
LH:4
end_of_record
SF:lib/src/widgets/row.dart
DA:10,1
DA:15,1
DA:17,1
DA:19,1
DA:20,1
DA:21,1
DA:22,1
DA:23,1
DA:24,1
DA:26,1
DA:27,1
LF:11
LH:11
end_of_record
