SF:lib/src/data_table_plus_source.dart
DA:42,0
DA:43,0
DA:44,0
DA:45,0
DA:49,0
DA:50,0
DA:51,0
DA:52,0
DA:56,0
DA:57,0
DA:60,2
DA:62,2
DA:63,2
DA:67,0
DA:68,0
DA:69,0
DA:73,1
DA:74,2
DA:75,3
DA:78,14
DA:80,1
DA:84,1
DA:85,1
DA:87,2
DA:88,1
DA:95,2
DA:100,4
DA:101,2
DA:104,4
DA:105,2
DA:106,2
DA:107,4
DA:108,2
DA:109,2
DA:113,2
DA:114,0
DA:116,4
DA:119,0
DA:120,0
DA:122,4
DA:127,0
DA:129,0
DA:130,0
DA:134,0
DA:136,0
DA:137,0
DA:141,0
DA:142,0
DA:143,0
DA:145,0
DA:147,0
DA:160,2
DA:162,6
DA:163,0
DA:167,2
DA:169,2
DA:170,2
DA:171,2
LF:58
LH:30
end_of_record
SF:lib/src/models/page_request.freezed.dart
DA:10,0
DA:12,0
DA:17,2
DA:19,0
DA:24,0
DA:38,0
DA:39,0
DA:40,0
DA:41,0
DA:43,0
DA:45,0
DA:59,0
DA:65,0
DA:72,0
DA:73,0
DA:74,0
DA:77,0
DA:78,0
DA:81,0
DA:82,0
DA:85,0
DA:86,0
DA:107,0
DA:109,0
DA:111,0
DA:112,0
DA:114,0
DA:121,0
DA:122,0
DA:123,0
DA:126,0
DA:127,0
DA:130,0
DA:131,0
DA:134,0
DA:135,0
DA:145,2
DA:160,0
DA:162,0
DA:165,0
DA:168,0
DA:169,0
DA:171,0
DA:172,0
DA:173,0
DA:174,0
DA:176,0
DA:177,0
DA:179,0
DA:182,0
DA:184,0
DA:185,0
DA:186,0
DA:187,0
DA:188,0
DA:190,0
DA:193,0
DA:203,0
DA:204,0
DA:205,0
DA:206,0
DA:207,0
DA:208,0
DA:209,0
DA:210,0
DA:211,0
DA:214,0
LF:67
LH:2
end_of_record
SF:lib/src/widgets/footer.dart
DA:6,2
DA:8,2
DA:10,2
DA:12,2
DA:13,2
DA:14,12
DA:15,2
DA:18,2
DA:19,2
DA:20,2
DA:23,2
DA:24,2
DA:26,2
DA:28,4
DA:29,2
DA:30,4
DA:31,2
DA:32,2
DA:33,2
DA:36,2
DA:38,2
DA:39,2
DA:40,2
DA:41,2
DA:42,2
DA:43,2
DA:44,2
DA:47,2
DA:49,2
DA:50,2
DA:51,2
DA:54,2
DA:55,2
DA:56,4
DA:57,2
DA:58,2
DA:59,4
DA:60,2
DA:61,2
DA:62,2
DA:67,2
DA:68,0
DA:69,0
DA:71,0
DA:81,2
DA:82,6
DA:84,0
DA:85,0
DA:86,0
DA:93,2
DA:94,8
DA:95,2
DA:97,2
DA:98,4
DA:100,1
DA:101,2
DA:102,1
LF:57
LH:51
end_of_record
SF:lib/src/widgets/header.dart
DA:7,2
DA:10,2
DA:14,2
DA:16,2
DA:17,2
DA:18,2
DA:19,4
DA:20,2
DA:21,2
DA:22,6
DA:23,2
DA:24,4
DA:25,2
DA:26,4
DA:27,2
DA:29,2
DA:30,1
DA:31,1
DA:32,1
DA:33,1
DA:36,3
DA:37,3
DA:42,1
DA:43,2
DA:45,2
DA:51,2
DA:52,2
DA:59,4
DA:60,2
DA:61,2
DA:65,0
DA:66,0
DA:69,0
DA:78,2
DA:79,2
DA:80,2
DA:83,2
DA:84,2
DA:86,0
DA:87,0
DA:88,0
DA:89,0
DA:91,0
LF:43
LH:35
end_of_record
SF:lib/src/widgets/row.dart
DA:10,2
DA:15,2
DA:17,2
DA:19,2
DA:20,2
DA:21,2
DA:22,2
DA:23,2
DA:24,2
DA:25,2
DA:26,2
DA:28,2
DA:29,2
LF:13
LH:13
end_of_record
SF:lib/src/data_table_plus.dart
DA:69,2
DA:90,2
DA:92,2
DA:93,2
DA:95,2
DA:96,2
DA:104,2
DA:106,2
DA:107,6
DA:108,6
DA:109,8
DA:111,2
DA:112,8
DA:113,6
DA:114,6
DA:119,2
DA:120,4
DA:123,2
DA:125,8
DA:126,4
DA:127,4
DA:128,2
DA:131,0
DA:133,0
DA:134,0
DA:135,0
DA:136,0
DA:140,2
DA:142,2
DA:143,5
DA:144,2
DA:147,2
DA:148,4
DA:149,2
DA:150,2
DA:152,8
DA:153,4
DA:154,4
DA:156,2
DA:158,4
DA:159,4
DA:161,2
LF:42
LH:37
end_of_record
SF:lib/src/data_table_plus_theme.dart
DA:4,6
DA:6,0
DA:31,2
DA:41,2
DA:43,0
DA:44,0
DA:45,0
DA:47,0
DA:50,0
DA:51,0
DA:52,0
DA:53,0
DA:54,0
DA:56,0
DA:57,0
DA:58,0
DA:63,0
DA:64,0
DA:67,0
DA:68,0
DA:71,0
DA:72,0
DA:73,0
DA:74,0
DA:75,0
DA:78,2
DA:81,1
DA:82,3
DA:83,3
DA:84,3
DA:85,3
DA:86,3
DA:87,3
DA:88,3
DA:94,1
DA:98,2
DA:101,2
DA:102,0
DA:103,2
DA:106,0
DA:109,0
DA:112,0
DA:113,0
DA:121,2
DA:122,2
DA:124,2
DA:126,2
DA:127,6
DA:135,2
DA:137,2
DA:140,2
DA:141,2
DA:142,4
DA:143,2
LF:54
LH:27
end_of_record
SF:lib/src/models/table_column.freezed.dart
DA:10,0
DA:12,0
DA:17,2
DA:19,0
DA:24,0
DA:38,0
DA:39,0
DA:40,0
DA:41,0
DA:43,0
DA:45,0
DA:65,0
DA:71,0
DA:78,0
DA:79,0
DA:80,0
DA:83,0
DA:84,0
DA:87,0
DA:88,0
DA:91,0
DA:92,0
DA:98,0
DA:100,0
DA:101,0
DA:127,0
DA:129,0
DA:131,0
DA:132,0
DA:134,0
DA:141,0
DA:142,0
DA:143,0
DA:146,0
DA:147,0
DA:150,0
DA:151,0
DA:154,0
DA:155,0
DA:165,2
DA:182,0
DA:184,0
DA:187,0
DA:190,0
DA:191,0
DA:192,0
DA:193,0
DA:194,0
DA:195,0
DA:197,0
DA:198,0
DA:199,0
DA:202,0
DA:204,0
DA:205,0
DA:206,0
DA:207,0
DA:208,0
DA:210,0
DA:213,0
DA:223,0
DA:224,0
DA:225,0
DA:226,0
DA:227,0
DA:228,0
DA:229,0
DA:230,0
DA:231,0
DA:234,0
LF:70
LH:2
end_of_record
SF:lib/src/widgets/body.dart
DA:8,2
DA:12,2
DA:17,2
DA:18,2
DA:22,2
DA:24,8
DA:25,2
DA:27,4
DA:28,14
DA:29,2
DA:30,6
DA:32,2
DA:33,4
DA:34,2
DA:37,4
DA:38,8
DA:41,2
DA:43,2
DA:45,4
DA:50,4
DA:51,2
DA:52,2
DA:56,0
DA:57,0
DA:60,0
DA:68,2
DA:70,2
DA:71,2
DA:77,2
DA:79,2
DA:80,3
DA:86,4
DA:87,0
DA:89,0
DA:90,0
DA:91,0
DA:92,0
DA:94,0
DA:95,0
DA:99,0
DA:101,0
DA:103,0
DA:110,2
DA:115,2
DA:117,2
DA:119,2
DA:120,2
DA:121,6
DA:122,0
DA:123,0
DA:124,0
DA:126,0
DA:127,0
DA:131,2
DA:132,2
LF:55
LH:37
end_of_record
SF:lib/src/models/table_value.freezed.dart
DA:10,0
DA:12,0
DA:17,2
DA:19,0
DA:20,0
DA:25,0
DA:26,0
DA:29,0
DA:30,0
DA:33,0
DA:34,0
DA:45,0
DA:52,0
DA:53,0
DA:61,0
DA:62,0
DA:69,0
DA:70,0
DA:78,0
DA:91,0
DA:109,0
DA:111,0
DA:113,0
DA:114,0
DA:116,0
DA:120,0
DA:121,0
DA:122,0
DA:132,2
DA:137,0
DA:139,0
DA:142,0
DA:145,0
DA:146,0
DA:147,0
DA:150,0
DA:152,0
DA:154,0
DA:157,0
DA:159,2
DA:167,4
DA:170,0
DA:180,0
DA:182,0
DA:185,0
DA:193,0
DA:196,0
DA:206,0
DA:208,0
DA:215,0
DA:216,0
DA:218,0
DA:232,0
DA:234,0
DA:236,0
DA:237,0
DA:243,4
DA:245,0
DA:247,0
DA:250,0
DA:252,0
DA:255,0
DA:256,0
DA:258,2
DA:266,2
DA:269,0
DA:279,0
DA:281,0
DA:284,0
DA:292,0
DA:295,0
DA:305,0
DA:307,0
DA:326,0
DA:328,0
DA:330,0
DA:331,0
DA:337,0
DA:339,0
DA:341,0
DA:344,0
DA:346,0
DA:349,0
DA:350,0
DA:352,0
DA:360,0
DA:363,0
DA:373,0
DA:375,0
DA:378,0
DA:386,0
DA:389,0
DA:399,0
DA:401,0
DA:421,0
DA:423,0
DA:425,0
DA:426,0
DA:428,0
DA:432,0
DA:433,0
DA:434,0
DA:444,0
DA:449,0
DA:451,0
DA:454,0
DA:457,0
DA:458,0
DA:459,0
DA:462,0
DA:464,0
DA:466,0
DA:469,0
DA:471,0
DA:479,0
DA:482,0
DA:492,0
DA:494,0
DA:497,0
DA:505,0
DA:508,0
DA:518,0
DA:520,0
DA:527,0
DA:528,0
DA:530,0
LF:126
LH:7
end_of_record
SF:lib/src/models/table_column_size.freezed.dart
DA:10,0
DA:12,0
DA:17,2
DA:19,0
DA:20,0
DA:25,0
DA:26,0
DA:37,0
DA:42,0
DA:43,0
DA:49,0
DA:50,0
DA:55,0
DA:56,0
DA:62,0
DA:75,0
DA:94,0
DA:96,0
DA:98,0
DA:99,0
DA:101,0
DA:105,0
DA:106,0
DA:107,0
DA:117,2
DA:122,0
DA:124,0
DA:127,0
DA:130,0
DA:131,0
DA:132,0
DA:135,0
DA:137,0
DA:139,0
DA:142,0
DA:144,2
DA:150,4
DA:153,0
DA:161,0
DA:163,0
DA:166,0
DA:172,0
DA:175,0
DA:183,0
DA:185,0
DA:192,0
DA:193,0
DA:195,0
DA:210,0
DA:212,0
DA:214,0
DA:215,0
DA:217,0
DA:221,0
DA:222,0
DA:223,0
DA:233,0
DA:238,0
DA:240,0
DA:243,0
DA:246,0
DA:247,0
DA:248,0
DA:251,0
DA:253,0
DA:255,0
DA:258,0
DA:260,0
DA:266,0
DA:269,0
DA:277,0
DA:279,0
DA:282,0
DA:288,0
DA:291,0
DA:299,0
DA:301,0
DA:308,0
DA:309,0
DA:311,0
LF:80
LH:4
end_of_record
